C51 COMPILER V9.60.7.0   MAIN                                                              04/13/2024 20:44:53 PAGE 1   


C51 COMPILER V9.60.7.0, COMPILATION OF MODULE MAIN
OBJECT MODULE PLACED IN .\Objects\main.obj
COMPILER INVOKED BY: D:\C51\C51\BIN\C51.EXE main.c OPTIMIZE(8,SPEED) BROWSE DEBUG OBJECTEXTEND PRINT(.\Listings\main.lst
                    -) TABS(2) OBJECT(.\Objects\main.obj)

line level    source

   1          #include <REGX52.H>
   2          
   3          void Delay(unsigned int xms)
   4          {
   5   1        
   6   1        unsigned char i,j;
   7   1        while (xms)
   8   1        {
   9   2          i = 2;
  10   2          j = 239;
  11   2          do
  12   2          {
  13   3            while(--j);
  14   3          } while(--i);
  15   2          xms--;
  16   2        }
  17   1      } 
  18          void main() 
  19          {
  20   1        while(1)
  21   1        {
  22   2          if(P3_1==0)
  23   2          {
  24   3            // 按键抖动
  25   3            Delay(20);
  26   3            while(P3_1==0);
  27   3            Delay(20);
  28   3            
  29   3            P2_0=~P2_0;
  30   3          }
  31   2          if(P3_0==0) 
  32   2          {
  33   3            // 按键抖动
  34   3            Delay(20);
  35   3            while(P3_1==0);
  36   3            Delay(20);
  37   3            P2_1=~P2_1;
  38   3          }
  39   2        } 
  40   1      }


MODULE INFORMATION:   STATIC OVERLAYABLE
   CODE SIZE        =     54    ----
   CONSTANT SIZE    =   ----    ----
   XDATA SIZE       =   ----    ----
   PDATA SIZE       =   ----    ----
   DATA SIZE        =   ----    ----
   IDATA SIZE       =   ----    ----
   BIT SIZE         =   ----    ----
END OF MODULE INFORMATION.


C51 COMPILATION COMPLETE.  0 WARNING(S),  0 ERROR(S)
