C51 COMPILER V9.60.7.0   MAIN                                                              04/13/2024 20:17:19 PAGE 1   


C51 COMPILER V9.60.7.0, COMPILATION OF MODULE MAIN
OBJECT MODULE PLACED IN .\Objects\main.obj
COMPILER INVOKED BY: D:\C51\C51\BIN\C51.EXE main.c OPTIMIZE(8,SPEED) BROWSE DEBUG OBJECTEXTEND PRINT(.\Listings\main.lst
                    -) TABS(2) OBJECT(.\Objects\main.obj)

line level    source

   1          #include <REGX52.H>
   2          
   3          void main()
   4          {
   5   1        while(1)
   6   1        {
   7   2          if(P3_1==0 || P3_0==0)
   8   2          {
   9   3            P2_0 = 0;
  10   3            P2_1 = 0;
  11   3            P2_2 = 0;
  12   3            P2_3 = 0;
  13   3            P2_4 = 0;
  14   3            P2_5 = 0;
  15   3            P2_6 = 0;
  16   3            P2_7 = 0;
  17   3          }
  18   2          else
  19   2          {
  20   3            P2_0 = 1;
  21   3            P2_1 = 1;
  22   3            P2_2 = 1;
  23   3            P2_3 = 1;
  24   3            P2_4 = 1;
  25   3            P2_5 = 1;
  26   3            P2_6 = 1;
  27   3            P2_7 = 1;
  28   3          } 
  29   2        } 
  30   1      }


MODULE INFORMATION:   STATIC OVERLAYABLE
   CODE SIZE        =     42    ----
   CONSTANT SIZE    =   ----    ----
   XDATA SIZE       =   ----    ----
   PDATA SIZE       =   ----    ----
   DATA SIZE        =   ----    ----
   IDATA SIZE       =   ----    ----
   BIT SIZE         =   ----    ----
END OF MODULE INFORMATION.


C51 COMPILATION COMPLETE.  0 WARNING(S),  0 ERROR(S)
