C51 COMPILER V9.60.7.0   MAIN                                                              04/13/2024 18:22:45 PAGE 1   


C51 COMPILER V9.60.7.0, COMPILATION OF MODULE MAIN
OBJECT MODULE PLACED IN .\Objects\main.obj
COMPILER INVOKED BY: D:\C51\C51\BIN\C51.EXE main.c OPTIMIZE(8,SPEED) BROWSE DEBUG OBJECTEXTEND PRINT(.\Listings\main.lst
                    -) TABS(2) OBJECT(.\Objects\main.obj)

line level    source

   1          #include <REGX52.H>
   2          void Delay(unsigned int xms)
   3          {
   4   1        unsigned char i,j;
   5   1        while (xms)
   6   1        {
   7   2          i = 2;
   8   2          j = 239;
   9   2          do
  10   2          {
  11   3            while(--j);
  12   3          } while(--i);
  13   2          xms--;
  14   2        }
  15   1      } 
  16          
  17          void main()
  18          {
  19   1        while(1)
  20   1        {
  21   2          P2 = 0xfe;
  22   2          Delay(100);
  23   2          P2 = 0xfd;
  24   2          Delay(100);
  25   2          P2 = 0xfb;
  26   2          Delay(100);
  27   2          P2 = 0xf7;
  28   2          Delay(100);
  29   2      
  30   2          P2 = 0xef;
  31   2          Delay(100);
  32   2          P2 = 0xdf;
  33   2          Delay(100);
  34   2          P2 = 0xbf;
  35   2          Delay(100);
  36   2          P2 = 0x7f;
  37   2          Delay(100);
  38   2        } 
  39   1      } 


MODULE INFORMATION:   STATIC OVERLAYABLE
   CODE SIZE        =     74    ----
   CONSTANT SIZE    =   ----    ----
   XDATA SIZE       =   ----    ----
   PDATA SIZE       =   ----    ----
   DATA SIZE        =   ----    ----
   IDATA SIZE       =   ----    ----
   BIT SIZE         =   ----    ----
END OF MODULE INFORMATION.


C51 COMPILATION COMPLETE.  0 WARNING(S),  0 ERROR(S)
